<?xml version="1.0" encoding="UTF-8"?>
<testng-results skipped="0" failed="0" total="1" passed="1">
  <reporter-output>
  </reporter-output>
  <suite name="Default suite" duration-ms="31802" started-at="2017-08-04T10:06:27Z" finished-at="2017-08-04T10:06:58Z">
    <groups>
    </groups>
    <test name="Default test" duration-ms="31802" started-at="2017-08-04T10:06:27Z" finished-at="2017-08-04T10:06:58Z">
      <class name="JenkinsSeleniumSample.JenkinsSeleniumSample.Sample">
        <test-method status="PASS" signature="beforeTest()[pri:0, instance:JenkinsSeleniumSample.JenkinsSeleniumSample.Sample@7823a2f9]" name="beforeTest" is-config="true" duration-ms="12328" started-at="2017-08-04T15:36:27Z" finished-at="2017-08-04T15:36:39Z">
          <reporter-output>
          </reporter-output>
        </test-method> <!-- beforeTest -->
        <test-method status="PASS" signature="testEasy()[pri:0, instance:JenkinsSeleniumSample.JenkinsSeleniumSample.Sample@7823a2f9]" name="testEasy" duration-ms="18108" started-at="2017-08-04T15:36:39Z" finished-at="2017-08-04T15:36:57Z">
          <reporter-output>
          </reporter-output>
        </test-method> <!-- testEasy -->
        <test-method status="PASS" signature="afterTest()[pri:0, instance:JenkinsSeleniumSample.JenkinsSeleniumSample.Sample@7823a2f9]" name="afterTest" is-config="true" duration-ms="1329" started-at="2017-08-04T15:36:57Z" finished-at="2017-08-04T15:36:58Z">
          <reporter-output>
          </reporter-output>
        </test-method> <!-- afterTest -->
      </class> <!-- JenkinsSeleniumSample.JenkinsSeleniumSample.Sample -->
    </test> <!-- Default test -->
  </suite> <!-- Default suite -->
</testng-results>
