<?xml version="1.0" encoding="UTF-8"?>
<testng-results skipped="0" failed="0" total="1" passed="1">
  <reporter-output>
  </reporter-output>
  <suite name="Default suite" duration-ms="46642" started-at="2017-08-03T08:30:19Z" finished-at="2017-08-03T08:31:06Z">
    <groups>
    </groups>
    <test name="Default test" duration-ms="46642" started-at="2017-08-03T08:30:19Z" finished-at="2017-08-03T08:31:06Z">
      <class name="JenkinsSeleniumSample.JenkinsSeleniumSample.Sample">
        <test-method status="PASS" signature="beforeTest()[pri:0, instance:JenkinsSeleniumSample.JenkinsSeleniumSample.Sample@7823a2f9]" name="beforeTest" is-config="true" duration-ms="21082" started-at="2017-08-03T14:00:19Z" finished-at="2017-08-03T14:00:41Z">
          <reporter-output>
          </reporter-output>
        </test-method> <!-- beforeTest -->
        <test-method status="PASS" signature="testEasy()[pri:0, instance:JenkinsSeleniumSample.JenkinsSeleniumSample.Sample@7823a2f9]" name="testEasy" duration-ms="23407" started-at="2017-08-03T14:00:41Z" finished-at="2017-08-03T14:01:04Z">
          <reporter-output>
          </reporter-output>
        </test-method> <!-- testEasy -->
        <test-method status="PASS" signature="afterTest()[pri:0, instance:JenkinsSeleniumSample.JenkinsSeleniumSample.Sample@7823a2f9]" name="afterTest" is-config="true" duration-ms="2070" started-at="2017-08-03T14:01:04Z" finished-at="2017-08-03T14:01:06Z">
          <reporter-output>
          </reporter-output>
        </test-method> <!-- afterTest -->
      </class> <!-- JenkinsSeleniumSample.JenkinsSeleniumSample.Sample -->
    </test> <!-- Default test -->
  </suite> <!-- Default suite -->
</testng-results>
